no change     /uufs/chpc.utah.edu/common/home/u1437983/software/pkg/miniforge3/condabin/conda
no change     /uufs/chpc.utah.edu/common/home/u1437983/software/pkg/miniforge3/bin/conda
no change     /uufs/chpc.utah.edu/common/home/u1437983/software/pkg/miniforge3/bin/conda-env
no change     /uufs/chpc.utah.edu/common/home/u1437983/software/pkg/miniforge3/bin/activate
no change     /uufs/chpc.utah.edu/common/home/u1437983/software/pkg/miniforge3/bin/deactivate
no change     /uufs/chpc.utah.edu/common/home/u1437983/software/pkg/miniforge3/etc/profile.d/conda.sh
no change     /uufs/chpc.utah.edu/common/home/u1437983/software/pkg/miniforge3/etc/fish/conf.d/conda.fish
no change     /uufs/chpc.utah.edu/common/home/u1437983/software/pkg/miniforge3/shell/condabin/Conda.psm1
no change     /uufs/chpc.utah.edu/common/home/u1437983/software/pkg/miniforge3/shell/condabin/conda-hook.ps1
no change     /uufs/chpc.utah.edu/common/home/u1437983/software/pkg/miniforge3/lib/python3.12/site-packages/xontrib/conda.xsh
no change     /uufs/chpc.utah.edu/common/home/u1437983/software/pkg/miniforge3/etc/profile.d/conda.csh
no change     /uufs/chpc.utah.edu/common/home/u1437983/.bashrc
No action taken.
/uufs/chpc.utah.edu/common/home/u1437983/Documents/NDA_Projects/NeuroSymbolic_BCI-Motor-Decoding/evaluate_GRU_RNN_Regressor.py:36: FutureWarning: You are using `torch.load` with `weights_only=False` (the current default value), which uses the default pickle module implicitly. It is possible to construct malicious pickle data which will execute arbitrary code during unpickling (See https://github.com/pytorch/pytorch/blob/main/SECURITY.md#untrusted-models for more details). In a future release, the default value for `weights_only` will be flipped to `True`. This limits the functions that could be executed during unpickling. Arbitrary objects will no longer be allowed to be loaded via this mode unless they are explicitly allowlisted by the user via `torch.serialization.add_safe_globals`. We recommend you start setting `weights_only=True` for any use case where you don't have full control of the loaded file. Please open an issue on GitHub for any issues related to this experimental feature.
  checkpoint = torch.load(trained_model_path,map_location=device)
Using device: NVIDIA GeForce RTX 3090
Traceback (most recent call last):
  File "/uufs/chpc.utah.edu/common/home/u1437983/Documents/NDA_Projects/NeuroSymbolic_BCI-Motor-Decoding/evaluate_GRU_RNN_Regressor.py", line 175, in <module>
    main(args.model_name, args.gpu, args.decoded_var)
  File "/uufs/chpc.utah.edu/common/home/u1437983/Documents/NDA_Projects/NeuroSymbolic_BCI-Motor-Decoding/evaluate_GRU_RNN_Regressor.py", line 36, in main
    checkpoint = torch.load(trained_model_path,map_location=device)
  File "/uufs/chpc.utah.edu/common/home/u1437983/software/pkg/miniforge3/envs/Neurosymbolic/lib/python3.9/site-packages/torch/serialization.py", line 1065, in load
    with _open_file_like(f, 'rb') as opened_file:
  File "/uufs/chpc.utah.edu/common/home/u1437983/software/pkg/miniforge3/envs/Neurosymbolic/lib/python3.9/site-packages/torch/serialization.py", line 468, in _open_file_like
    return _open_file(name_or_buffer, mode)
  File "/uufs/chpc.utah.edu/common/home/u1437983/software/pkg/miniforge3/envs/Neurosymbolic/lib/python3.9/site-packages/torch/serialization.py", line 449, in __init__
    super().__init__(open(name, mode))
FileNotFoundError: [Errno 2] No such file or directory: '/uufs/chpc.utah.edu/common/home/u1437983/Documents/NDA_Projects/NeuroSymbolic_BCI-Motor-Decoding/Trained_Models/gru_regressor_vel-ls128-sql100-15epoch.pth'
